<?xml version="1.0" encoding="UTF-8"?>
<!-- Generated by org.testng.reporters.JUnitXMLReporter -->
<testsuite ignored="0" hostname="Aritras-MacBook-Pro.local" failures="0" tests="3" name="Test" time="4.93" errors="0" timestamp="2020-09-24T16:27:06 IST">
  <testcase classname="rest.RestRunnerAllTests" name="restRunner" time="4.674"/>
  <testcase classname="soap.TestRunnerSingleTestSoap" name="singleTest" time="0.113"/>
  <testcase classname="soap.TestRunnerAllTestsSoap" name="soapTest" time="0.111"/>
</testsuite> <!-- Test -->
