<?xml version="1.0" encoding="UTF-8"?>
<!-- Generated by org.testng.reporters.JUnitXMLReporter -->
<testsuite ignored="0" hostname="Aritras-MacBook-Pro.local" failures="0" tests="3" name="WebservicesTest" time="7.397" errors="0" timestamp="2020-09-24T19:45:12 IST">
  <testcase classname="rest.RestRunnerAllTests" name="restRunner" time="6.562"/>
  <testcase classname="soap.TestRunnerSingleTestSoap" name="singleTest" time="0.49"/>
  <testcase classname="soap.TestRunnerAllTestsSoap" name="soapTest" time="0.293"/>
</testsuite> <!-- WebservicesTest -->
