<?xml version="1.0" encoding="UTF-8"?>
<testng-results ignored="0" total="3" passed="3" failed="0" skipped="0">
  <reporter-output>
  </reporter-output>
  <suite started-at="2020-09-24T19:45:04 IST" name="Suite" finished-at="2020-09-24T19:45:12 IST" duration-ms="7397">
    <groups>
    </groups>
    <test started-at="2020-09-24T19:45:04 IST" name="WebservicesTest" finished-at="2020-09-24T19:45:12 IST" duration-ms="7397">
      <class name="soap.TestRunnerSingleTestSoap">
        <test-method signature="singleTest()[pri:0, instance:soap.TestRunnerSingleTestSoap@19d37183]" started-at="2020-09-24T19:45:11 IST" name="singleTest" finished-at="2020-09-24T19:45:11 IST" duration-ms="490" status="PASS">
          <reporter-output>
          </reporter-output>
        </test-method> <!-- singleTest -->
      </class> <!-- soap.TestRunnerSingleTestSoap -->
      <class name="rest.RestRunnerAllTests">
        <test-method signature="restRunner()[pri:0, instance:rest.RestRunnerAllTests@71c8becc]" started-at="2020-09-24T19:45:04 IST" name="restRunner" finished-at="2020-09-24T19:45:11 IST" duration-ms="6562" status="PASS">
          <reporter-output>
          </reporter-output>
        </test-method> <!-- restRunner -->
      </class> <!-- rest.RestRunnerAllTests -->
      <class name="soap.TestRunnerAllTestsSoap">
        <test-method signature="soapTest()[pri:0, instance:soap.TestRunnerAllTestsSoap@1a0dcaa]" started-at="2020-09-24T19:45:11 IST" name="soapTest" finished-at="2020-09-24T19:45:12 IST" duration-ms="293" status="PASS">
          <reporter-output>
          </reporter-output>
        </test-method> <!-- soapTest -->
      </class> <!-- soap.TestRunnerAllTestsSoap -->
    </test> <!-- WebservicesTest -->
  </suite> <!-- Suite -->
</testng-results>
